<?xml version="1.0" encoding="UTF-8"?>
<testsuite name="testSuiteRozetka"
           tests="4"
           failures="0"
           errors="0"
           skipped="0"
           time="220,170">
  <properties />
  
  
            <testcase name="givenFilter_whenTheMostExpensiveProductAddedToCart_thenTotalPriceLessThanBound" time="56,780" classname="labTest.SumVerifyTest" />
                <testcase name="givenFilter_whenTheMostExpensiveProductAddedToCart_thenTotalPriceLessThanBound" time="58,548" classname="labTest.SumVerifyTest" />
                <testcase name="givenFilter_whenTheMostExpensiveProductAddedToCart_thenTotalPriceLessThanBound" time="57,644" classname="labTest.SumVerifyTest" />
                <testcase name="givenFilter_whenTheMostExpensiveProductAddedToCart_thenTotalPriceLessThanBound" time="47,198" classname="labTest.SumVerifyTest" />
      
</testsuite>
